<?xml version="1.0" encoding="UTF-8"?>
<testsuite xmlns:xsi="http://www.w3.org/2001/XMLSchema-instance" xsi:noNamespaceSchemaLocation="https://maven.apache.org/surefire/maven-surefire-plugin/xsd/surefire-test-report-3.0.xsd" version="3.0" name="com.bankingsystem.ApprovalChainTests" time="0.036" tests="10" errors="0" skipped="0" failures="0">
  <properties>
[...]
</properties>
  <testcase name="testMediumTransactionManagerApproved" classname="com.bankingsystem.ApprovalChainTests" time="0.016"/>
  <testcase name="testVeryLargeTransactionAdminApproved" classname="com.bankingsystem.ApprovalChainTests" time="0.0"/>
  <testcase name="testSmallTransactionAutoApproved" classname="com.bankingsystem.ApprovalChainTests" time="0.0"/>
  <testcase name="testLargeTransactionAdminApproved" classname="com.bankingsystem.ApprovalChainTests" time="0.0"/>
  <testcase name="testTransactionDetails" classname="com.bankingsystem.ApprovalChainTests" time="0.0"/>
  <testcase name="testTransactionTypes" classname="com.bankingsystem.ApprovalChainTests" time="0.0"/>
  <testcase name="testApprovalStatusTransition" classname="com.bankingsystem.ApprovalChainTests" time="0.006"/>
  <testcase name="testTransactionAtManagerLimit" classname="com.bankingsystem.ApprovalChainTests" time="0.002"/>
  <testcase name="testTransactionAtAutoLimit" classname="com.bankingsystem.ApprovalChainTests" time="0.0"/>
  <testcase name="testRejectionReason" classname="com.bankingsystem.ApprovalChainTests" time="0.005"/>
</testsuite>