<?xml version="1.0" encoding="UTF-8"?>
<testsuite xmlns:xsi="http://www.w3.org/2001/XMLSchema-instance" xsi:noNamespaceSchemaLocation="https://maven.apache.org/surefire/maven-surefire-plugin/xsd/surefire-test-report-3.0.xsd" version="3.0" name="com.bankingsystem.NotificationObserverTests" time="1.438" tests="10" errors="0" skipped="0" failures="0">
  <properties>
[...]
</properties>
  <testcase name="testInAppNotifier" classname="com.bankingsystem.NotificationObserverTests" time="1.303">
    <system-out><![CDATA[[IN-APP] User user123 -> Savings Account (54b174cb-5ec3-4df0-a42e-234d3771ada2): Deposit of $100.0 completed. New balance: $1100.0
]]></system-out>
    <system-err><![CDATA[WARNING: A Java agent has been loaded dynamically (C:\Users\Ola\.m2\repository\net\bytebuddy\byte-buddy-agent\1.14.6\byte-buddy-agent-1.14.6.jar)
WARNING: If a serviceability tool is in use, please run with -XX:+EnableDynamicAgentLoading to hide this warning
WARNING: If a serviceability tool is not in use, please run with -Djdk.instrument.traceUsage for more information
WARNING: Dynamic loading of agents will be disallowed by default in a future release
]]></system-err>
  </testcase>
  <testcase name="testMultipleObservers" classname="com.bankingsystem.NotificationObserverTests" time="0.067"/>
  <testcase name="testWithdrawalNotification" classname="com.bankingsystem.NotificationObserverTests" time="0.0"/>
  <testcase name="testInterestNotification" classname="com.bankingsystem.NotificationObserverTests" time="0.017"/>
  <testcase name="testDuplicateSubscription" classname="com.bankingsystem.NotificationObserverTests" time="0.005"/>
  <testcase name="testSMSNotifier" classname="com.bankingsystem.NotificationObserverTests" time="0.004">
    <system-out><![CDATA[[SMS] +1234567890 -> Savings Account (28e6d0c6-e5f3-4d56-a5cc-f39e10b2689a): Deposit of $100.0 completed. New balance: $1100.0
]]></system-out>
  </testcase>
  <testcase name="testDepositNotification" classname="com.bankingsystem.NotificationObserverTests" time="0.0"/>
  <testcase name="testUnsubscribe" classname="com.bankingsystem.NotificationObserverTests" time="0.0"/>
  <testcase name="testEmailNotifier" classname="com.bankingsystem.NotificationObserverTests" time="0.0">
    <system-out><![CDATA[[EMAIL] test@example.com -> Savings Account (ba26068e-af60-4070-bdd3-1c93fda9aef3): Deposit of $100.0 completed. New balance: $1100.0
]]></system-out>
  </testcase>
  <testcase name="testAccountGroupNotifications" classname="com.bankingsystem.NotificationObserverTests" time="0.02"/>
</testsuite>